C51 COMPILER V9.00   MAIN                                                                  11/27/2013 00:46:51 PAGE 1   


C51 COMPILER V9.00, COMPILATION OF MODULE MAIN
OBJECT MODULE PLACED IN ..\out\main.obj
COMPILER INVOKED BY: d:\Keil\C51\BIN\C51.EXE ..\user\main.c BROWSE DEBUG OBJECTEXTEND PRINT(..\listing\main.lst) OBJECT(
                    -..\out\main.obj)

line level    source

   1          /**********************TS-51A单片机开发板例程************************
   2          *               Copyright (c) 2013,52探索 单片机开发板
   3          *               All rights reserved
   4          *       
   5          *               文件名称：main.c
   6          *               功能描述：操作DS18B20转换温度，读取并显示在数码管上。
   7          * 
   8          *               当前版本：1.0
   9          *               作    者：52探索
  10          *       完成日期：2013-5-29
  11          *
  12          *               取代版本：无
  13          *       改进内容：无
  14          *
  15          *               使用环境：TS-51A开发板 + STC89C52 + 11.0592M晶振 + Keil C51 V9.0 
  16          *       
  17          *               淘宝地址：http://shop104208028.taobao.com/
  18          *               QQ      : 10903659
  19          *               QQ群    ：336397723  336398729   336398900
  20          ******************************************************************/
  21          
  22          ////#include <REGX52.H>
  23          //#include <intrins.h>
  24          #include "lcd1602.h"
  25          
  26          #define uchar unsigned char 
  27          #define uint  unsigned int
  28          #define DataPort P0
  29          
  30          sbit wx = P2^6;
  31          sbit dx = P2^7;
  32          sbit DS_Data = P2^0;
  33          
  34          unsigned char code SMG[]  = {0xc0, 0xf9, 0xa4, 0xb0, 0x99, 0x92, 0x82, 0xf8, 0x80, 0x90, 0x88, 0x83, 0xc6,
             - 0xa1, 0x86, 0x8e};
  35          unsigned char code str1[] = "The temperature ";
  36          unsigned char code str2[] = "is :            ";
  37           
  38          /*
  39          * 功  能：清除数码管的显示内容
  40          * 参  数：无
  41          * 返回值：无
  42          */
  43          void SMG_CLR( void )
  44          {
  45   1              P0 = 0x00;              //发送要显示的段码
  46   1              dx = 1;
  47   1              dx = 0;
  48   1              
  49   1              P0 = 0x00;              //发送要显示的位码,只显示一位数字
  50   1              wx = 1;
  51   1              wx = 0;
  52   1      }
  53          
C51 COMPILER V9.00   MAIN                                                                  11/27/2013 00:46:51 PAGE 2   

  54          /*
  55          * 功  能：DS18B20 复位
  56          * 参  数：无
  57          * 返回值：无
  58          */
  59          void DS18B20_Reset(void)
  60          {
  61   1              unsigned int i;
  62   1      
  63   1              DS_Data = 0;
  64   1              i = 103;
  65   1              while(i>0)      i--;
  66   1      
  67   1              DS_Data = 1;
  68   1              i = 4;
  69   1              while(i>0)      i--;
  70   1      }
  71          
  72          /*
  73          * 功  能：DS18B20 读取一位数据
  74          * 参  数：无
  75          * 返回值：读取的位
  76          */
  77          bit DS18B20_ReadBit(void)       
  78          {
  79   1              unsigned int i;
  80   1              bit dat;
  81   1      
  82   1              DS_Data = 0;
  83   1              i++;
  84   1              DS_Data = 1;
  85   1              i++;
  86   1              i++;
  87   1              dat = DS_Data;
  88   1      
  89   1              i = 8;
  90   1              while(i>0)      i--;
  91   1      
  92   1              return (dat);
  93   1      }
  94          
  95          /*
  96          * 功  能：DS18B20 读取一个字节
  97          * 参  数：无
  98          * 返回值：读取的字节
  99          */
 100          uchar DS18B20_ReadByte(void)    
 101          {
 102   1              unsigned char i,j,dat;
 103   1              
 104   1              dat=0;
 105   1              for(i=1; i<=8; i++)
 106   1              {
 107   2                      j = DS18B20_ReadBit();
 108   2                      dat=(j<<7)|(dat>>1);   //读出的数据最低位在最前面，这样刚好一个字节在DAT里
 109   2              }
 110   1      
 111   1              return(dat);
 112   1      }
 113          
 114          /*
 115          * 功  能：DS18B20 写入一个字节
C51 COMPILER V9.00   MAIN                                                                  11/27/2013 00:46:51 PAGE 3   

 116          * 参  数：要写入的字节
 117          * 返回值：无
 118          */
 119          void DS18B20_WriteByte(unsigned char dat)       
 120          {
 121   1              unsigned int i;
 122   1              unsigned char j, k;
 123   1              bit b;
 124   1      
 125   1              k = dat;
 126   1      
 127   1              for(j=1; j<=8; j++)
 128   1              {
 129   2                      b = k & 0x01;
 130   2                      k = k >> 1;
 131   2                      if(b)                                   //write 1
 132   2                      {
 133   3                              DS_Data = 0;
 134   3                              i++; i++;
 135   3                              DS_Data = 1;
 136   3                              i = 8;
 137   3                              while(i>0) i--;
 138   3                      }
 139   2                      else
 140   2                      {
 141   3                              DS_Data = 0;                    //write 0
 142   3                              i = 8;
 143   3                              while(i>0)      i--;
 144   3                              DS_Data = 1;
 145   3                              i++; i++;
 146   3                      }
 147   2              
 148   2              }
 149   1      }
 150          
 151          /*
 152          * 功  能：DS18B20 开始温度转换
 153          * 参  数：无
 154          * 返回值：无
 155          */
 156          void DS18B20_Change(void)       
 157          {
 158   1              DS18B20_Reset();
 159   1              DelayMs(5);
 160   1              DS18B20_WriteByte(0xcc);         // address all drivers on bus
 161   1              DS18B20_WriteByte(0x44);        //  initiates a single temperature conversion  
 162   1      }
 163          
 164          /*
 165          * 功  能：DS18B20 得到温度值
 166          * 参  数：无
 167          * 返回值：无
 168          */
 169          int DS18B20_GetTemp()                   //get the temperature
 170          {
 171   1              float t;
 172   1              unsigned char a, b;
 173   1              int temp;
 174   1              
 175   1              DS18B20_Reset();
 176   1              DelayMs(5);
 177   1              DS18B20_WriteByte(0xcc);
C51 COMPILER V9.00   MAIN                                                                  11/27/2013 00:46:51 PAGE 4   

 178   1              DS18B20_WriteByte(0xbe);
 179   1              a=DS18B20_ReadByte();
 180   1              b=DS18B20_ReadByte();
 181   1              
 182   1              temp = b;
 183   1              temp <<= 8;                             //two byte  compose a int variable
 184   1              temp = temp|a;
 185   1              t = temp*0.0625;
 186   1              temp = t*10+0.5;
 187   1              
 188   1              return temp;
 189   1      }
 190          
 191          
 192          void main()
 193          {
 194   1              int temp;
 195   1              unsigned char d1, d2, d3;
 196   1      
 197   1              SMG_CLR();
 198   1              LCD1602_Init();
 199   1              LCD1602_ShowString (0, str1);
 200   1              LCD1602_ShowString (1, str2);
 201   1      
 202   1              while(1)
 203   1              {         
 204   2                      DS18B20_Change();                                       //开始转换
 205   2      
 206   2                      temp = DS18B20_GetTemp();                       //得到的温度保存在temp中
 207   2      
 208   2                      d1 = temp / 100;
 209   2                      d2 = (temp % 100) / 10;
 210   2                      d3 = temp % 10;                                         //计算出十位、个位和小数位
 211   2      
 212   2                      if(temp<0)                                                      //温度小于0度
 213   2                      {                  
 214   3                              LCD1602_ShowChar(0x16, '-');    //显示负号
 215   3                      }
 216   2                      LCD1602_ShowChar(0x16, '0'+d1);         //显示十位
 217   2                      LCD1602_ShowChar(0x17, '0'+d2);         //显示个位，减0x80是为了能显示小数点
 218   2                      LCD1602_ShowChar(0x18, '.');
 219   2                      LCD1602_ShowChar(0x19, '0'+d3);         //显示小数位
 220   2              }
 221   1      }


MODULE INFORMATION:   STATIC OVERLAYABLE
   CODE SIZE        =    430    ----
   CONSTANT SIZE    =     50    ----
   XDATA SIZE       =   ----    ----
   PDATA SIZE       =   ----    ----
   DATA SIZE        =   ----       7
   IDATA SIZE       =   ----    ----
   BIT SIZE         =   ----       2
END OF MODULE INFORMATION.


C51 COMPILATION COMPLETE.  0 WARNING(S),  0 ERROR(S)
