C51 COMPILER V9.00   CRC16                                                                 06/26/2013 18:28:17 PAGE 1   


C51 COMPILER V9.00, COMPILATION OF MODULE CRC16
OBJECT MODULE PLACED IN ..\out\crc16.obj
COMPILER INVOKED BY: d:\Keil c51\C51\BIN\C51.EXE ..\user\crc16.c BROWSE DEBUG OBJECTEXTEND PRINT(..\listing\crc16.lst) O
                    -BJECT(..\out\crc16.obj)

line level    source

   1          
   2          #include "crc16.h"
   3          
   4          //传入参数，1：数据数组的指针，2：数组大小，3：crc校验和高位地址指针，4：crc校验和低位地址指针
   5          void crc16(unsigned char *dat,unsigned char count,unsigned char *crch,unsigned char *crcl)
   6          {
   7   1              unsigned char /*a,*/i,j,c1,c2;
   8   1              (*crch)=0xff;
   9   1              (*crcl)=0xff;
  10   1              for(i=0;i<count;i++)
  11   1              {
  12   2                      //a=*(dat+i);
  13   2                      (*crcl)=(*(dat+i))^(*crcl);
  14   2                      for(j=8;j>0;j--)
  15   2                      {
  16   3                              c1=(*crch)&0x01;
  17   3                              c2=(*crcl)&0x01;
  18   3                              c1=c1<<7;
  19   3                              (*crch)=(*crch)>>1;
  20   3                              (*crcl)=(*crcl)>>1;
  21   3                              (*crcl)=(*crcl)|c1;
  22   3                              if(c2==1)
  23   3                              {
  24   4                                      (*crch)=(*crch)^0xa0;
  25   4                                      (*crcl)=(*crcl)^0x01;
  26   4                              }
  27   3                      }
  28   2              }
  29   1      }


MODULE INFORMATION:   STATIC OVERLAYABLE
   CODE SIZE        =    184    ----
   CONSTANT SIZE    =   ----    ----
   XDATA SIZE       =   ----    ----
   PDATA SIZE       =   ----    ----
   DATA SIZE        =   ----      11
   IDATA SIZE       =   ----    ----
   BIT SIZE         =   ----    ----
END OF MODULE INFORMATION.


C51 COMPILATION COMPLETE.  0 WARNING(S),  0 ERROR(S)
