C51 COMPILER V9.00   SERIAL                                                                06/26/2013 18:28:17 PAGE 1   


C51 COMPILER V9.00, COMPILATION OF MODULE SERIAL
OBJECT MODULE PLACED IN ..\out\serial.obj
COMPILER INVOKED BY: d:\Keil c51\C51\BIN\C51.EXE ..\user\serial.c BROWSE DEBUG OBJECTEXTEND PRINT(..\listing\serial.lst)
                    - OBJECT(..\out\serial.obj)

line level    source

   1          #include <REGX52.H>
   2          
   3          void UART0_Init(void)           //9600bps@11.0592MHz
   4          {
   5   1              EA    = 0;                                      //暂时关闭中断
   6   1              TMOD &= 0x0F;                           //定时器1模式控制在高4位
   7   1              TMOD |= 0x20;                           //定时器1工作在模式2，自动重装模式
   8   1              SCON  = 0x50;                           //串口工作在模式1
   9   1              TH1   = 0xFD;  //计算定时器重装值
  10   1              TL1   = 0xFD;
  11   1              ES    = 1;                                      //串行中断允许
  12   1              TR1   = 1;                                      //启动定时器1
  13   1              REN   = 1;                                      //允许接收 
  14   1              EA    = 1;                                      //允许中断
  15   1      }
  16          
  17          void UART0_SendByte(unsigned char d)
  18          {
  19   1                      ///
  20   1              SBUF=d;
  21   1              while(!TI);
  22   1              TI=0;
  23   1      } 
  24          
  25          //void UART_SendStr(uchar * pStr)
  26          //{
  27          //      while((*pStr)!='\0')
  28          //      {
  29          //              SBUF=(*pStr);
  30          //              while(!TI);
  31          //              TI=0;
  32          //              pStr++;
  33          //      }
  34          //}


MODULE INFORMATION:   STATIC OVERLAYABLE
   CODE SIZE        =     34    ----
   CONSTANT SIZE    =   ----    ----
   XDATA SIZE       =   ----    ----
   PDATA SIZE       =   ----    ----
   DATA SIZE        =   ----    ----
   IDATA SIZE       =   ----    ----
   BIT SIZE         =   ----    ----
END OF MODULE INFORMATION.


C51 COMPILATION COMPLETE.  0 WARNING(S),  0 ERROR(S)
