C51 COMPILER V9.00   LCD1602                                                               11/27/2013 00:48:45 PAGE 1   


C51 COMPILER V9.00, COMPILATION OF MODULE LCD1602
OBJECT MODULE PLACED IN ..\out\lcd1602.obj
COMPILER INVOKED BY: d:\Keil\C51\BIN\C51.EXE ..\user\lcd1602.c BROWSE DEBUG OBJECTEXTEND PRINT(..\listing\lcd1602.lst) O
                    -BJECT(..\out\lcd1602.obj)

line level    source

   1          #include "lcd1602.h"
   2          
   3          unsigned char TempData[8];
   4          unsigned char SecondLine[]="                ";
   5          unsigned char FirstLine[] ="                ";
   6          
   7          
   8          /*
   9          * 功  能：在11.0592M晶振下的延时时间为 1ms
  10          * 参  数：毫秒数
  11          * 返回值：无
  12          */
  13          void DelayMs(unsigned int i)
  14          {
  15   1              unsigned int j,k;
  16   1      
  17   1              for(j=i; j>0; j--)
  18   1                      for(k=114; k>0; k--);
  19   1      }
  20          
  21          /*
  22          * 功  能：LCD1602写命令
  23          * 参  数：要写入的命令字节
  24          * 返回值：无
  25          */
  26          void WriteCommand(unsigned char c)
  27          {
  28   1              DelayMs(5);             
  29   1              LCD1602_EN = 0;
  30   1              LCD1602_RS = 0;
  31   1              LCD1602_RW = 0;
  32   1              _nop_();
  33   1              LCD1602_EN = 1;
  34   1              Data = c;
  35   1              LCD1602_EN = 0;
  36   1      }
  37          
  38          /*
  39          * 功  能：LCD1602写数据
  40          * 参  数：要写入的数据字节
  41          * 返回值：无
  42          */
  43          void WriteData(unsigned char c)
  44          {
  45   1              DelayMs(5);     
  46   1              LCD1602_EN = 0;
  47   1              LCD1602_RS = 1;
  48   1              LCD1602_RW = 0;
  49   1              _nop_();
  50   1              LCD1602_EN = 1;
  51   1              Data = c;
  52   1              LCD1602_EN = 0;
  53   1              LCD1602_RS = 0;
  54   1      }
C51 COMPILER V9.00   LCD1602                                                               11/27/2013 00:48:45 PAGE 2   

  55          
  56          /*
  57          * 功  能：LCD1602在指定的位置显示一个字符
  58          * 参  数：pos:要显示的位置，c:要显示的字符
  59          * 返回值：无
  60          */
  61          void LCD1602_ShowChar(unsigned char pos, unsigned char c)
  62          {
  63   1              unsigned char p;
  64   1      
  65   1              if (pos >= 0x10)
  66   1              {
  67   2                      p = pos + 0xb0;                 //是第二行则命令代码高4位为0xc
  68   2              }
  69   1              else 
  70   1              {
  71   2                      p = pos + 0x80;                 //是第二行则命令代码高4位为0x8
  72   2              }
  73   1      
  74   1              WriteCommand (p);                       //write command
  75   1              WriteData(c);                           //write data
  76   1      }
  77          
  78          /*
  79          * 功  能：LCD1602显示一个字符串
  80          * 参  数：line:要显示在第几行，ptr：要显示的字符串指针
  81          * 返回值：无
  82          */
  83          void LCD1602_ShowString (unsigned char line, char *ptr)
  84          {
  85   1              unsigned char i, j;
  86   1      
  87   1              i = line<<4;
  88   1      
  89   1              for (j=0; j<16; j++)
  90   1              {
  91   2                      LCD1602_ShowChar (i++, *(ptr+j));       
  92   2              }
  93   1      }
  94          
  95          /*
  96          * 功  能：LCD1602初始化
  97          * 参  数：无
  98          * 返回值：无
  99          */
 100          void Lcd1602_Init(void)
 101          {
 102   1              DelayMs(15);
 103   1              WriteCommand(0x38);             //display mode
 104   1              WriteCommand(0x38);             //display mode
 105   1              WriteCommand(0x38);             //display mode
 106   1              WriteCommand(0x06);             //显示光标移动位置
 107   1              WriteCommand(0x0c);             //显示开及光标设置
 108   1              WriteCommand(0x01);             //显示清屏
 109   1      
 110   1      }


MODULE INFORMATION:   STATIC OVERLAYABLE
   CODE SIZE        =    186    ----
   CONSTANT SIZE    =   ----    ----
   XDATA SIZE       =   ----    ----
C51 COMPILER V9.00   LCD1602                                                               11/27/2013 00:48:45 PAGE 3   

   PDATA SIZE       =   ----    ----
   DATA SIZE        =     42       5
   IDATA SIZE       =   ----    ----
   BIT SIZE         =   ----    ----
END OF MODULE INFORMATION.


C51 COMPILATION COMPLETE.  0 WARNING(S),  0 ERROR(S)
